<?xml version="1.0" encoding="UTF-8"?>
<testng-results skipped="0" failed="0" total="1" passed="1">
  <reporter-output>
  </reporter-output>
  <suite name="Command line suite" duration-ms="108" started-at="2021-04-13T21:49:02Z" finished-at="2021-04-13T21:49:02Z">
    <groups>
    </groups>
    <test name="Command line test" duration-ms="108" started-at="2021-04-13T21:49:02Z" finished-at="2021-04-13T21:49:02Z">
      <class name="resources.AppTest">
        <test-method status="PASS" signature="testApp()[pri:0, instance:testApp(resources.AppTest)]" name="testApp" duration-ms="6" started-at="2021-04-13T17:49:02Z" finished-at="2021-04-13T17:49:02Z">
          <reporter-output>
          </reporter-output>
        </test-method> <!-- testApp -->
      </class> <!-- resources.AppTest -->
    </test> <!-- Command line test -->
  </suite> <!-- Command line suite -->
</testng-results>
