<?xml version="1.0" encoding="UTF-8"?>
<!-- Generated by org.testng.reporters.JUnitXMLReporter -->
<testsuite hostname="LAPTOP-Q97UB95Q" failures="0" tests="14" name="Default test" time="25.209" errors="0" timestamp="12 Apr 2021 07:06:46 GMT">
  <testcase classname="TestScripts.TestCases" name="test1" time="7.863"/>
  <testcase classname="TestScripts.TestCases" name="test1" time="2.472"/>
  <testcase classname="TestScripts.TestCases" name="test1" time="1.804"/>
  <testcase classname="TestScripts.TestCases" name="test1" time="2.382"/>
  <testcase classname="TestScripts.TestCases" name="test1" time="1.456"/>
  <testcase classname="TestScripts.TestCases" name="test1" time="2.272"/>
  <testcase classname="TestScripts.TestCases" name="test1" time="2.28"/>
  <testcase classname="TestScripts.TestCases" name="testscenarios" time="0.009"/>
  <testcase classname="TestScripts.TestCases" name="testscenarios" time="0.005"/>
  <testcase classname="TestScripts.TestCases" name="testscenarios" time="0.004"/>
  <testcase classname="TestScripts.TestCases" name="testscenarios" time="0.004"/>
  <testcase classname="TestScripts.TestCases" name="testscenarios" time="0.003"/>
  <testcase classname="TestScripts.TestCases" name="testscenarios" time="0.003"/>
  <testcase classname="TestScripts.TestCases" name="testscenarios" time="0.003"/>
</testsuite> <!-- Default test -->
