<?xml version="1.0" encoding="UTF-8"?>
<testng-results skipped="0" failed="0" total="14" passed="14">
  <reporter-output>
  </reporter-output>
  <suite name="Command line suite" duration-ms="24379" started-at="2021-04-13T21:48:38Z" finished-at="2021-04-13T21:49:02Z">
    <groups>
    </groups>
    <test name="Command line test" duration-ms="24379" started-at="2021-04-13T21:48:38Z" finished-at="2021-04-13T21:49:02Z">
      <class name="TestScripts.TestCases">
        <test-method status="PASS" signature="setup()[pri:0, instance:TestScripts.TestCases@4450d156]" name="setup" is-config="true" duration-ms="815" started-at="2021-04-13T17:48:38Z" finished-at="2021-04-13T17:48:38Z">
          <reporter-output>
          </reporter-output>
        </test-method> <!-- setup -->
        <test-method status="PASS" signature="test1(java.lang.String, java.lang.String, java.lang.String, java.lang.String, java.lang.String)[pri:0, instance:TestScripts.TestCases@4450d156]" name="test1" duration-ms="5237" started-at="2021-04-13T17:48:39Z" data-provider="data-provider" finished-at="2021-04-13T17:48:45Z">
          <params>
            <param index="0">
              <value>
                <![CDATA[a7d9c2cf20525f58611a769fb8fb0026]]>
              </value>
            </param>
            <param index="1">
              <value>
                <![CDATA[6cc1c9cc298435f94f6a553319de76fa02c0a07ed874adf01aaa9ea3f6eb4bb7]]>
              </value>
            </param>
            <param index="2">
              <value>
                <![CDATA[FirstBoard]]>
              </value>
            </param>
            <param index="3">
              <value>
                <![CDATA[FirstList]]>
              </value>
            </param>
            <param index="4">
              <value>
                <![CDATA[SpecialCard]]>
              </value>
            </param>
          </params>
          <reporter-output>
          </reporter-output>
        </test-method> <!-- test1 -->
        <test-method status="PASS" signature="test1(java.lang.String, java.lang.String, java.lang.String, java.lang.String, java.lang.String)[pri:0, instance:TestScripts.TestCases@4450d156]" name="test1" duration-ms="2456" started-at="2021-04-13T17:48:45Z" data-provider="data-provider" finished-at="2021-04-13T17:48:47Z">
          <params>
            <param index="0">
              <value>
                <![CDATA[888ec65ad9cc4a3cae8ec4e1e7b04f71]]>
              </value>
            </param>
            <param index="1">
              <value>
                <![CDATA[1dba5e964eaa66ee839ad6042032d724feb88526bf683fd9aec5bb0b310446e6]]>
              </value>
            </param>
            <param index="2">
              <value>
                <![CDATA[FirstBoard]]>
              </value>
            </param>
            <param index="3">
              <value>
                <![CDATA[FirstList]]>
              </value>
            </param>
            <param index="4">
              <value>
                <![CDATA[SpecialCard]]>
              </value>
            </param>
          </params>
          <reporter-output>
          </reporter-output>
        </test-method> <!-- test1 -->
        <test-method status="PASS" signature="test1(java.lang.String, java.lang.String, java.lang.String, java.lang.String, java.lang.String)[pri:0, instance:TestScripts.TestCases@4450d156]" name="test1" duration-ms="2858" started-at="2021-04-13T17:48:47Z" data-provider="data-provider" finished-at="2021-04-13T17:48:50Z">
          <params>
            <param index="0">
              <value>
                <![CDATA[888ec65ad9cc4a3cae8ec4e1e7b04f71]]>
              </value>
            </param>
            <param index="1">
              <value>
                <![CDATA[4b82080799112c75b9f989adf6fe3e018ecb925540f02fa157715fdcf864d917]]>
              </value>
            </param>
            <param index="2">
              <value>
                <![CDATA[FirstBoard]]>
              </value>
            </param>
            <param index="3">
              <value>
                <![CDATA[FirstList]]>
              </value>
            </param>
            <param index="4">
              <value>
                <![CDATA[SpecialCard]]>
              </value>
            </param>
          </params>
          <reporter-output>
          </reporter-output>
        </test-method> <!-- test1 -->
        <test-method status="PASS" signature="test1(java.lang.String, java.lang.String, java.lang.String, java.lang.String, java.lang.String)[pri:0, instance:TestScripts.TestCases@4450d156]" name="test1" duration-ms="3326" started-at="2021-04-13T17:48:50Z" data-provider="data-provider" finished-at="2021-04-13T17:48:53Z">
          <params>
            <param index="0">
              <value>
                <![CDATA[888ec65ad9cc4a3cae8ec4e1e7b04f71]]>
              </value>
            </param>
            <param index="1">
              <value>
                <![CDATA[4b9272312735f26d78062955c780287a57a11365e7aeb607709cbb8623a6dccb]]>
              </value>
            </param>
            <param index="2">
              <value>
                <![CDATA[FirstBoard]]>
              </value>
            </param>
            <param index="3">
              <value>
                <![CDATA[FirstList]]>
              </value>
            </param>
            <param index="4">
              <value>
                <![CDATA[SpecialCard]]>
              </value>
            </param>
          </params>
          <reporter-output>
          </reporter-output>
        </test-method> <!-- test1 -->
        <test-method status="PASS" signature="test1(java.lang.String, java.lang.String, java.lang.String, java.lang.String, java.lang.String)[pri:0, instance:TestScripts.TestCases@4450d156]" name="test1" duration-ms="3172" started-at="2021-04-13T17:48:53Z" data-provider="data-provider" finished-at="2021-04-13T17:48:57Z">
          <params>
            <param index="0">
              <value>
                <![CDATA[c67de9d78a61fad2d9cb2196b8c11a3f]]>
              </value>
            </param>
            <param index="1">
              <value>
                <![CDATA[c3815523baeb29442ace1741f38e59a601183223e0515ed90fe6350d34a2fbd0]]>
              </value>
            </param>
            <param index="2">
              <value>
                <![CDATA[FirstBoard]]>
              </value>
            </param>
            <param index="3">
              <value>
                <![CDATA[FirstList]]>
              </value>
            </param>
            <param index="4">
              <value>
                <![CDATA[SpecialCard]]>
              </value>
            </param>
          </params>
          <reporter-output>
          </reporter-output>
        </test-method> <!-- test1 -->
        <test-method status="PASS" signature="test1(java.lang.String, java.lang.String, java.lang.String, java.lang.String, java.lang.String)[pri:0, instance:TestScripts.TestCases@4450d156]" name="test1" duration-ms="2522" started-at="2021-04-13T17:48:57Z" data-provider="data-provider" finished-at="2021-04-13T17:48:59Z">
          <params>
            <param index="0">
              <value>
                <![CDATA[c67de9d78a61fad2d9cb2196b8c11a3f]]>
              </value>
            </param>
            <param index="1">
              <value>
                <![CDATA[03c3a38198153f4e2b1d93a3365e606ba63b79f75c42d2377f7e3e48e91b4c51]]>
              </value>
            </param>
            <param index="2">
              <value>
                <![CDATA[FirstBoard]]>
              </value>
            </param>
            <param index="3">
              <value>
                <![CDATA[FirstList]]>
              </value>
            </param>
            <param index="4">
              <value>
                <![CDATA[SpecialCard]]>
              </value>
            </param>
          </params>
          <reporter-output>
          </reporter-output>
        </test-method> <!-- test1 -->
        <test-method status="PASS" signature="test1(java.lang.String, java.lang.String, java.lang.String, java.lang.String, java.lang.String)[pri:0, instance:TestScripts.TestCases@4450d156]" name="test1" duration-ms="2678" started-at="2021-04-13T17:48:59Z" data-provider="data-provider" finished-at="2021-04-13T17:49:02Z">
          <params>
            <param index="0">
              <value>
                <![CDATA[c67de9d78a61fad2d9cb2196b8c11a3f]]>
              </value>
            </param>
            <param index="1">
              <value>
                <![CDATA[8f3297320ee3ffa8f9ac5fe8dcdb85c9628d2d193d4cdabdf640578987e4203b]]>
              </value>
            </param>
            <param index="2">
              <value>
                <![CDATA[FirstBoard]]>
              </value>
            </param>
            <param index="3">
              <value>
                <![CDATA[FirstList]]>
              </value>
            </param>
            <param index="4">
              <value>
                <![CDATA[SpecialCard]]>
              </value>
            </param>
          </params>
          <reporter-output>
          </reporter-output>
        </test-method> <!-- test1 -->
        <test-method status="PASS" signature="testscenarios(java.lang.String, java.lang.String, java.lang.String, java.lang.String, java.lang.String)[pri:0, instance:TestScripts.TestCases@4450d156]" name="testscenarios" duration-ms="5" started-at="2021-04-13T17:49:02Z" data-provider="data-provider" finished-at="2021-04-13T17:49:02Z">
          <params>
            <param index="0">
              <value>
                <![CDATA[a7d9c2cf20525f58611a769fb8fb0026]]>
              </value>
            </param>
            <param index="1">
              <value>
                <![CDATA[6cc1c9cc298435f94f6a553319de76fa02c0a07ed874adf01aaa9ea3f6eb4bb7]]>
              </value>
            </param>
            <param index="2">
              <value>
                <![CDATA[FirstBoard]]>
              </value>
            </param>
            <param index="3">
              <value>
                <![CDATA[FirstList]]>
              </value>
            </param>
            <param index="4">
              <value>
                <![CDATA[SpecialCard]]>
              </value>
            </param>
          </params>
          <reporter-output>
          </reporter-output>
        </test-method> <!-- testscenarios -->
        <test-method status="PASS" signature="testscenarios(java.lang.String, java.lang.String, java.lang.String, java.lang.String, java.lang.String)[pri:0, instance:TestScripts.TestCases@4450d156]" name="testscenarios" duration-ms="3" started-at="2021-04-13T17:49:02Z" data-provider="data-provider" finished-at="2021-04-13T17:49:02Z">
          <params>
            <param index="0">
              <value>
                <![CDATA[888ec65ad9cc4a3cae8ec4e1e7b04f71]]>
              </value>
            </param>
            <param index="1">
              <value>
                <![CDATA[1dba5e964eaa66ee839ad6042032d724feb88526bf683fd9aec5bb0b310446e6]]>
              </value>
            </param>
            <param index="2">
              <value>
                <![CDATA[FirstBoard]]>
              </value>
            </param>
            <param index="3">
              <value>
                <![CDATA[FirstList]]>
              </value>
            </param>
            <param index="4">
              <value>
                <![CDATA[SpecialCard]]>
              </value>
            </param>
          </params>
          <reporter-output>
          </reporter-output>
        </test-method> <!-- testscenarios -->
        <test-method status="PASS" signature="testscenarios(java.lang.String, java.lang.String, java.lang.String, java.lang.String, java.lang.String)[pri:0, instance:TestScripts.TestCases@4450d156]" name="testscenarios" duration-ms="3" started-at="2021-04-13T17:49:02Z" data-provider="data-provider" finished-at="2021-04-13T17:49:02Z">
          <params>
            <param index="0">
              <value>
                <![CDATA[888ec65ad9cc4a3cae8ec4e1e7b04f71]]>
              </value>
            </param>
            <param index="1">
              <value>
                <![CDATA[4b82080799112c75b9f989adf6fe3e018ecb925540f02fa157715fdcf864d917]]>
              </value>
            </param>
            <param index="2">
              <value>
                <![CDATA[FirstBoard]]>
              </value>
            </param>
            <param index="3">
              <value>
                <![CDATA[FirstList]]>
              </value>
            </param>
            <param index="4">
              <value>
                <![CDATA[SpecialCard]]>
              </value>
            </param>
          </params>
          <reporter-output>
          </reporter-output>
        </test-method> <!-- testscenarios -->
        <test-method status="PASS" signature="testscenarios(java.lang.String, java.lang.String, java.lang.String, java.lang.String, java.lang.String)[pri:0, instance:TestScripts.TestCases@4450d156]" name="testscenarios" duration-ms="5" started-at="2021-04-13T17:49:02Z" data-provider="data-provider" finished-at="2021-04-13T17:49:02Z">
          <params>
            <param index="0">
              <value>
                <![CDATA[888ec65ad9cc4a3cae8ec4e1e7b04f71]]>
              </value>
            </param>
            <param index="1">
              <value>
                <![CDATA[4b9272312735f26d78062955c780287a57a11365e7aeb607709cbb8623a6dccb]]>
              </value>
            </param>
            <param index="2">
              <value>
                <![CDATA[FirstBoard]]>
              </value>
            </param>
            <param index="3">
              <value>
                <![CDATA[FirstList]]>
              </value>
            </param>
            <param index="4">
              <value>
                <![CDATA[SpecialCard]]>
              </value>
            </param>
          </params>
          <reporter-output>
          </reporter-output>
        </test-method> <!-- testscenarios -->
        <test-method status="PASS" signature="testscenarios(java.lang.String, java.lang.String, java.lang.String, java.lang.String, java.lang.String)[pri:0, instance:TestScripts.TestCases@4450d156]" name="testscenarios" duration-ms="4" started-at="2021-04-13T17:49:02Z" data-provider="data-provider" finished-at="2021-04-13T17:49:02Z">
          <params>
            <param index="0">
              <value>
                <![CDATA[c67de9d78a61fad2d9cb2196b8c11a3f]]>
              </value>
            </param>
            <param index="1">
              <value>
                <![CDATA[c3815523baeb29442ace1741f38e59a601183223e0515ed90fe6350d34a2fbd0]]>
              </value>
            </param>
            <param index="2">
              <value>
                <![CDATA[FirstBoard]]>
              </value>
            </param>
            <param index="3">
              <value>
                <![CDATA[FirstList]]>
              </value>
            </param>
            <param index="4">
              <value>
                <![CDATA[SpecialCard]]>
              </value>
            </param>
          </params>
          <reporter-output>
          </reporter-output>
        </test-method> <!-- testscenarios -->
        <test-method status="PASS" signature="testscenarios(java.lang.String, java.lang.String, java.lang.String, java.lang.String, java.lang.String)[pri:0, instance:TestScripts.TestCases@4450d156]" name="testscenarios" duration-ms="3" started-at="2021-04-13T17:49:02Z" data-provider="data-provider" finished-at="2021-04-13T17:49:02Z">
          <params>
            <param index="0">
              <value>
                <![CDATA[c67de9d78a61fad2d9cb2196b8c11a3f]]>
              </value>
            </param>
            <param index="1">
              <value>
                <![CDATA[03c3a38198153f4e2b1d93a3365e606ba63b79f75c42d2377f7e3e48e91b4c51]]>
              </value>
            </param>
            <param index="2">
              <value>
                <![CDATA[FirstBoard]]>
              </value>
            </param>
            <param index="3">
              <value>
                <![CDATA[FirstList]]>
              </value>
            </param>
            <param index="4">
              <value>
                <![CDATA[SpecialCard]]>
              </value>
            </param>
          </params>
          <reporter-output>
          </reporter-output>
        </test-method> <!-- testscenarios -->
        <test-method status="PASS" signature="testscenarios(java.lang.String, java.lang.String, java.lang.String, java.lang.String, java.lang.String)[pri:0, instance:TestScripts.TestCases@4450d156]" name="testscenarios" duration-ms="4" started-at="2021-04-13T17:49:02Z" data-provider="data-provider" finished-at="2021-04-13T17:49:02Z">
          <params>
            <param index="0">
              <value>
                <![CDATA[c67de9d78a61fad2d9cb2196b8c11a3f]]>
              </value>
            </param>
            <param index="1">
              <value>
                <![CDATA[8f3297320ee3ffa8f9ac5fe8dcdb85c9628d2d193d4cdabdf640578987e4203b]]>
              </value>
            </param>
            <param index="2">
              <value>
                <![CDATA[FirstBoard]]>
              </value>
            </param>
            <param index="3">
              <value>
                <![CDATA[FirstList]]>
              </value>
            </param>
            <param index="4">
              <value>
                <![CDATA[SpecialCard]]>
              </value>
            </param>
          </params>
          <reporter-output>
          </reporter-output>
        </test-method> <!-- testscenarios -->
      </class> <!-- TestScripts.TestCases -->
    </test> <!-- Command line test -->
  </suite> <!-- Command line suite -->
</testng-results>
