<?xml version="1.0" encoding="UTF-8"?>
<!-- Generated by org.testng.reporters.JUnitXMLReporter -->
<testsuite hostname="LAPTOP-Q97UB95Q" name="Command line test" tests="14" failures="0" timestamp="13 Apr 2021 21:49:02 GMT" time="24.379" errors="0">
  <testcase name="test1" time="5.237" classname="TestScripts.TestCases"/>
  <testcase name="test1" time="2.456" classname="TestScripts.TestCases"/>
  <testcase name="test1" time="2.858" classname="TestScripts.TestCases"/>
  <testcase name="test1" time="3.326" classname="TestScripts.TestCases"/>
  <testcase name="test1" time="3.172" classname="TestScripts.TestCases"/>
  <testcase name="test1" time="2.522" classname="TestScripts.TestCases"/>
  <testcase name="test1" time="2.678" classname="TestScripts.TestCases"/>
  <testcase name="testscenarios" time="0.005" classname="TestScripts.TestCases"/>
  <testcase name="testscenarios" time="0.003" classname="TestScripts.TestCases"/>
  <testcase name="testscenarios" time="0.003" classname="TestScripts.TestCases"/>
  <testcase name="testscenarios" time="0.005" classname="TestScripts.TestCases"/>
  <testcase name="testscenarios" time="0.004" classname="TestScripts.TestCases"/>
  <testcase name="testscenarios" time="0.003" classname="TestScripts.TestCases"/>
  <testcase name="testscenarios" time="0.004" classname="TestScripts.TestCases"/>
</testsuite> <!-- Command line test -->
